Arguments: 
  /Users/senn/.nvm/versions/node/v16.19.0/bin/node /usr/local/bin/yarn install

PATH: 
  /usr/local/opt/berkeley-db@4/bin:/Users/senn/.nvm/versions/node/v16.19.0/bin:/Applications/Google\ Chrome.app/Contents/MacOS:/Applications/Google Chrome.app/Contents/MacOS:/Users/senn/opt/anaconda3/bin:/Users/senn/opt/anaconda3/condabin:/opt/local/bin:/opt/local/sbin:/Library/Frameworks/Python.framework/Versions/3.8/bin:/usr/local/bin:/usr/bin:/bin:/usr/sbin:/sbin:/Applications/VMware Fusion.app/Contents/Public:/usr/local/go/bin:/usr/local/aria2/bin:/usr/local/share/dotnet:/opt/X11/bin:~/.dotnet/tools:/Library/Apple/usr/bin:/Library/Frameworks/Mono.framework/Versions/Current/Commands:/Users/senn/.cargo/bin:/Users/senn/Workplace/tools/ffmpeg:/Users/senn/go/bin:/Users/senn/Workplace/tools/ffmpeg:/Users/senn/go/bin:/usr/local/mysql/bin:/Users/senn/program_env/flutter/bin:/Users/senn/Workplace/tools/ffmpeg

Yarn version: 
  1.22.19

Node version: 
  16.19.0

Platform: 
  darwin x64

Trace: 
  Error: https://registry.npm.taobao.org/@pomp-eth%2fcircuits: Not found
      at Request.params.callback [as _callback] (/usr/local/lib/node_modules/yarn/lib/cli.js:66145:18)
      at Request.self.callback (/usr/local/lib/node_modules/yarn/lib/cli.js:140890:22)
      at Request.emit (node:events:513:28)
      at Request.<anonymous> (/usr/local/lib/node_modules/yarn/lib/cli.js:141862:10)
      at Request.emit (node:events:513:28)
      at IncomingMessage.<anonymous> (/usr/local/lib/node_modules/yarn/lib/cli.js:141784:12)
      at Object.onceWrapper (node:events:627:28)
      at IncomingMessage.emit (node:events:525:35)
      at endReadableNT (node:internal/streams/readable:1358:12)
      at processTicksAndRejections (node:internal/process/task_queues:83:21)

npm manifest: 
  {
      "name": "@pomp-eth/contracts",
      "version": "0.0.1",
      "packageManager": "yarn@3.5.0",
      "scripts": {
          "lint:sol": "solhint --config ./.solhint.json  \"contracts/**/*.sol\"",
          "lint:solfix": "solhint --config ./.solhint.json  \"contracts/**/*.sol\" --fix",
          "lint:ts": "eslint .",
          "lint": "yarn lint:ts; yarn lint:sol",
          "build": "yarn lint:sol && hardhat compile",
          "test": "yarn build && hardhat test"
      },
      "dependencies": {
          "@openzeppelin/contracts": "^4.9.2",
          "@pomp-eth/circuits": "0.0.1",
          "circomlibjs": "^0.1.7"
      },
      "devDependencies": {
          "@nomicfoundation/hardhat-chai-matchers": "^2.0.0",
          "@nomicfoundation/hardhat-ethers": "^3.0.0",
          "@nomicfoundation/hardhat-network-helpers": "^1.0.0",
          "@nomicfoundation/hardhat-toolbox": "^3.0.0",
          "@nomicfoundation/hardhat-verify": "^1.0.0",
          "@semaphore-protocol/contracts": "^3.10.1",
          "@typechain/ethers-v6": "^0.4.0",
          "@typechain/hardhat": "^8.0.0",
          "@types/mocha": ">=9.1.0",
          "chai": "^4.3.7",
          "eslint": "^8.45.0",
          "ethers": "^6.6.2",
          "hardhat": "^2.16.1",
          "hardhat-gas-reporter": "^1.0.8",
          "solhint": "^3.4.1",
          "solidity-coverage": "^0.8.1",
          "ts-node": "^10.9.1"
      }
  }

yarn manifest: 
  No manifest

Lockfile: 
  No lockfile
